<?xml version="1.0" encoding="UTF-8"?>
<testsuite xmlns:xsi="http://www.w3.org/2001/XMLSchema-instance" xsi:noNamespaceSchemaLocation="https://maven.apache.org/surefire/maven-surefire-plugin/xsd/surefire-test-report.xsd" name="org.gridsuite.notification.server.NotificationWebSocketHandlerTest" time="1.934" tests="6" errors="0" skipped="0" failures="0">
  <properties>
    <property name="awt.toolkit" value="sun.awt.X11.XToolkit"/>
    <property name="git.tags" value=""/>
    <property name="java.specification.version" value="11"/>
    <property name="sun.cpu.isalist" value=""/>
    <property name="sun.jnu.encoding" value="UTF-8"/>
    <property name="git.build.version" value="1.0.0-SNAPSHOT"/>
    <property name="java.class.path" value="/home/homereti/Devs/GridSuit/notification-server/target/test-classes:/home/homereti/Devs/GridSuit/notification-server/target/classes:/home/homereti/.m2/repository/org/springframework/boot/spring-boot-starter-webflux/2.2.5.RELEASE/spring-boot-starter-webflux-2.2.5.RELEASE.jar:/home/homereti/.m2/repository/org/springframework/boot/spring-boot-starter/2.2.5.RELEASE/spring-boot-starter-2.2.5.RELEASE.jar:/home/homereti/.m2/repository/org/springframework/boot/spring-boot/2.2.5.RELEASE/spring-boot-2.2.5.RELEASE.jar:/home/homereti/.m2/repository/org/springframework/boot/spring-boot-starter-logging/2.2.5.RELEASE/spring-boot-starter-logging-2.2.5.RELEASE.jar:/home/homereti/.m2/repository/ch/qos/logback/logback-classic/1.2.3/logback-classic-1.2.3.jar:/home/homereti/.m2/repository/ch/qos/logback/logback-core/1.2.3/logback-core-1.2.3.jar:/home/homereti/.m2/repository/org/apache/logging/log4j/log4j-to-slf4j/2.12.1/log4j-to-slf4j-2.12.1.jar:/home/homereti/.m2/repository/org/apache/logging/log4j/log4j-api/2.12.1/log4j-api-2.12.1.jar:/home/homereti/.m2/repository/org/slf4j/jul-to-slf4j/1.7.30/jul-to-slf4j-1.7.30.jar:/home/homereti/.m2/repository/jakarta/annotation/jakarta.annotation-api/1.3.5/jakarta.annotation-api-1.3.5.jar:/home/homereti/.m2/repository/org/yaml/snakeyaml/1.25/snakeyaml-1.25.jar:/home/homereti/.m2/repository/org/springframework/boot/spring-boot-starter-json/2.2.5.RELEASE/spring-boot-starter-json-2.2.5.RELEASE.jar:/home/homereti/.m2/repository/com/fasterxml/jackson/datatype/jackson-datatype-jdk8/2.10.2/jackson-datatype-jdk8-2.10.2.jar:/home/homereti/.m2/repository/com/fasterxml/jackson/datatype/jackson-datatype-jsr310/2.10.2/jackson-datatype-jsr310-2.10.2.jar:/home/homereti/.m2/repository/com/fasterxml/jackson/module/jackson-module-parameter-names/2.10.2/jackson-module-parameter-names-2.10.2.jar:/home/homereti/.m2/repository/org/springframework/boot/spring-boot-starter-reactor-netty/2.2.5.RELEASE/spring-boot-starter-reactor-netty-2.2.5.RELEASE.jar:/home/homereti/.m2/repository/io/projectreactor/netty/reactor-netty/0.9.5.RELEASE/reactor-netty-0.9.5.RELEASE.jar:/home/homereti/.m2/repository/io/netty/netty-codec-http/4.1.45.Final/netty-codec-http-4.1.45.Final.jar:/home/homereti/.m2/repository/io/netty/netty-common/4.1.45.Final/netty-common-4.1.45.Final.jar:/home/homereti/.m2/repository/io/netty/netty-buffer/4.1.45.Final/netty-buffer-4.1.45.Final.jar:/home/homereti/.m2/repository/io/netty/netty-transport/4.1.45.Final/netty-transport-4.1.45.Final.jar:/home/homereti/.m2/repository/io/netty/netty-resolver/4.1.45.Final/netty-resolver-4.1.45.Final.jar:/home/homereti/.m2/repository/io/netty/netty-codec/4.1.45.Final/netty-codec-4.1.45.Final.jar:/home/homereti/.m2/repository/io/netty/netty-codec-http2/4.1.45.Final/netty-codec-http2-4.1.45.Final.jar:/home/homereti/.m2/repository/io/netty/netty-handler/4.1.45.Final/netty-handler-4.1.45.Final.jar:/home/homereti/.m2/repository/io/netty/netty-handler-proxy/4.1.45.Final/netty-handler-proxy-4.1.45.Final.jar:/home/homereti/.m2/repository/io/netty/netty-codec-socks/4.1.45.Final/netty-codec-socks-4.1.45.Final.jar:/home/homereti/.m2/repository/io/netty/netty-transport-native-epoll/4.1.45.Final/netty-transport-native-epoll-4.1.45.Final-linux-x86_64.jar:/home/homereti/.m2/repository/io/netty/netty-transport-native-unix-common/4.1.45.Final/netty-transport-native-unix-common-4.1.45.Final.jar:/home/homereti/.m2/repository/org/glassfish/jakarta.el/3.0.3/jakarta.el-3.0.3.jar:/home/homereti/.m2/repository/org/springframework/boot/spring-boot-starter-validation/2.2.5.RELEASE/spring-boot-starter-validation-2.2.5.RELEASE.jar:/home/homereti/.m2/repository/jakarta/validation/jakarta.validation-api/2.0.2/jakarta.validation-api-2.0.2.jar:/home/homereti/.m2/repository/org/hibernate/validator/hibernate-validator/6.0.18.Final/hibernate-validator-6.0.18.Final.jar:/home/homereti/.m2/repository/org/jboss/logging/jboss-logging/3.4.1.Final/jboss-logging-3.4.1.Final.jar:/home/homereti/.m2/repository/com/fasterxml/classmate/1.5.1/classmate-1.5.1.jar:/home/homereti/.m2/repository/org/springframework/spring-web/5.2.4.RELEASE/spring-web-5.2.4.RELEASE.jar:/home/homereti/.m2/repository/org/springframework/spring-beans/5.2.4.RELEASE/spring-beans-5.2.4.RELEASE.jar:/home/homereti/.m2/repository/org/springframework/spring-webflux/5.2.4.RELEASE/spring-webflux-5.2.4.RELEASE.jar:/home/homereti/.m2/repository/io/projectreactor/reactor-core/3.3.3.RELEASE/reactor-core-3.3.3.RELEASE.jar:/home/homereti/.m2/repository/org/reactivestreams/reactive-streams/1.0.3/reactive-streams-1.0.3.jar:/home/homereti/.m2/repository/org/synchronoss/cloud/nio-multipart-parser/1.1.0/nio-multipart-parser-1.1.0.jar:/home/homereti/.m2/repository/org/slf4j/slf4j-api/1.7.30/slf4j-api-1.7.30.jar:/home/homereti/.m2/repository/org/synchronoss/cloud/nio-stream-storage/1.1.3/nio-stream-storage-1.1.3.jar:/home/homereti/.m2/repository/org/springframework/cloud/spring-cloud-stream/3.0.3.RELEASE/spring-cloud-stream-3.0.3.RELEASE.jar:/home/homereti/.m2/repository/org/springframework/spring-messaging/5.2.4.RELEASE/spring-messaging-5.2.4.RELEASE.jar:/home/homereti/.m2/repository/org/springframework/integration/spring-integration-core/5.2.4.RELEASE/spring-integration-core-5.2.4.RELEASE.jar:/home/homereti/.m2/repository/org/springframework/spring-aop/5.2.4.RELEASE/spring-aop-5.2.4.RELEASE.jar:/home/homereti/.m2/repository/org/springframework/spring-context/5.2.4.RELEASE/spring-context-5.2.4.RELEASE.jar:/home/homereti/.m2/repository/org/springframework/spring-expression/5.2.4.RELEASE/spring-expression-5.2.4.RELEASE.jar:/home/homereti/.m2/repository/org/springframework/spring-tx/5.2.4.RELEASE/spring-tx-5.2.4.RELEASE.jar:/home/homereti/.m2/repository/org/springframework/integration/spring-integration-jmx/5.2.4.RELEASE/spring-integration-jmx-5.2.4.RELEASE.jar:/home/homereti/.m2/repository/org/springframework/retry/spring-retry/1.2.5.RELEASE/spring-retry-1.2.5.RELEASE.jar:/home/homereti/.m2/repository/org/springframework/cloud/spring-cloud-function-context/3.0.3.RELEASE/spring-cloud-function-context-3.0.3.RELEASE.jar:/home/homereti/.m2/repository/org/springframework/cloud/spring-cloud-function-core/3.0.3.RELEASE/spring-cloud-function-core-3.0.3.RELEASE.jar:/home/homereti/.m2/repository/javax/annotation/javax.annotation-api/1.3.2/javax.annotation-api-1.3.2.jar:/home/homereti/.m2/repository/org/springframework/cloud/spring-cloud-stream-binder-rabbit/3.0.3.RELEASE/spring-cloud-stream-binder-rabbit-3.0.3.RELEASE.jar:/home/homereti/.m2/repository/org/springframework/cloud/spring-cloud-stream-binder-rabbit-core/3.0.3.RELEASE/spring-cloud-stream-binder-rabbit-core-3.0.3.RELEASE.jar:/home/homereti/.m2/repository/org/springframework/integration/spring-integration-amqp/5.2.4.RELEASE/spring-integration-amqp-5.2.4.RELEASE.jar:/home/homereti/.m2/repository/com/rabbitmq/http-client/2.1.0.RELEASE/http-client-2.1.0.RELEASE.jar:/home/homereti/.m2/repository/org/springframework/boot/spring-boot-starter-amqp/2.2.5.RELEASE/spring-boot-starter-amqp-2.2.5.RELEASE.jar:/home/homereti/.m2/repository/org/springframework/amqp/spring-rabbit/2.2.5.RELEASE/spring-rabbit-2.2.5.RELEASE.jar:/home/homereti/.m2/repository/com/rabbitmq/amqp-client/5.7.3/amqp-client-5.7.3.jar:/home/homereti/.m2/repository/org/springframework/amqp/spring-amqp/2.2.5.RELEASE/spring-amqp-2.2.5.RELEASE.jar:/home/homereti/.m2/repository/org/apache/httpcomponents/httpclient/4.5.11/httpclient-4.5.11.jar:/home/homereti/.m2/repository/org/apache/httpcomponents/httpcore/4.4.13/httpcore-4.4.13.jar:/home/homereti/.m2/repository/commons-codec/commons-codec/1.13/commons-codec-1.13.jar:/home/homereti/.m2/repository/junit/junit/4.12/junit-4.12.jar:/home/homereti/.m2/repository/org/hamcrest/hamcrest-core/2.1/hamcrest-core-2.1.jar:/home/homereti/.m2/repository/org/mockito/mockito-core/2.28.2/mockito-core-2.28.2.jar:/home/homereti/.m2/repository/net/bytebuddy/byte-buddy/1.10.8/byte-buddy-1.10.8.jar:/home/homereti/.m2/repository/net/bytebuddy/byte-buddy-agent/1.10.8/byte-buddy-agent-1.10.8.jar:/home/homereti/.m2/repository/org/objenesis/objenesis/2.6/objenesis-2.6.jar:/home/homereti/.m2/repository/org/springframework/boot/spring-boot-starter-test/2.2.5.RELEASE/spring-boot-starter-test-2.2.5.RELEASE.jar:/home/homereti/.m2/repository/org/springframework/boot/spring-boot-test/2.2.5.RELEASE/spring-boot-test-2.2.5.RELEASE.jar:/home/homereti/.m2/repository/org/springframework/boot/spring-boot-test-autoconfigure/2.2.5.RELEASE/spring-boot-test-autoconfigure-2.2.5.RELEASE.jar:/home/homereti/.m2/repository/com/jayway/jsonpath/json-path/2.4.0/json-path-2.4.0.jar:/home/homereti/.m2/repository/net/minidev/json-smart/2.3/json-smart-2.3.jar:/home/homereti/.m2/repository/net/minidev/accessors-smart/1.2/accessors-smart-1.2.jar:/home/homereti/.m2/repository/org/ow2/asm/asm/5.0.4/asm-5.0.4.jar:/home/homereti/.m2/repository/jakarta/xml/bind/jakarta.xml.bind-api/2.3.2/jakarta.xml.bind-api-2.3.2.jar:/home/homereti/.m2/repository/jakarta/activation/jakarta.activation-api/1.2.2/jakarta.activation-api-1.2.2.jar:/home/homereti/.m2/repository/org/junit/jupiter/junit-jupiter/5.5.2/junit-jupiter-5.5.2.jar:/home/homereti/.m2/repository/org/junit/jupiter/junit-jupiter-api/5.5.2/junit-jupiter-api-5.5.2.jar:/home/homereti/.m2/repository/org/opentest4j/opentest4j/1.2.0/opentest4j-1.2.0.jar:/home/homereti/.m2/repository/org/junit/platform/junit-platform-commons/1.5.2/junit-platform-commons-1.5.2.jar:/home/homereti/.m2/repository/org/junit/jupiter/junit-jupiter-params/5.5.2/junit-jupiter-params-5.5.2.jar:/home/homereti/.m2/repository/org/junit/jupiter/junit-jupiter-engine/5.5.2/junit-jupiter-engine-5.5.2.jar:/home/homereti/.m2/repository/org/junit/vintage/junit-vintage-engine/5.5.2/junit-vintage-engine-5.5.2.jar:/home/homereti/.m2/repository/org/apiguardian/apiguardian-api/1.1.0/apiguardian-api-1.1.0.jar:/home/homereti/.m2/repository/org/junit/platform/junit-platform-engine/1.5.2/junit-platform-engine-1.5.2.jar:/home/homereti/.m2/repository/org/mockito/mockito-junit-jupiter/3.1.0/mockito-junit-jupiter-3.1.0.jar:/home/homereti/.m2/repository/org/assertj/assertj-core/3.13.2/assertj-core-3.13.2.jar:/home/homereti/.m2/repository/org/hamcrest/hamcrest/2.1/hamcrest-2.1.jar:/home/homereti/.m2/repository/org/skyscreamer/jsonassert/1.5.0/jsonassert-1.5.0.jar:/home/homereti/.m2/repository/com/vaadin/external/google/android-json/0.0.20131108.vaadin1/android-json-0.0.20131108.vaadin1.jar:/home/homereti/.m2/repository/org/springframework/spring-core/5.2.4.RELEASE/spring-core-5.2.4.RELEASE.jar:/home/homereti/.m2/repository/org/springframework/spring-jcl/5.2.4.RELEASE/spring-jcl-5.2.4.RELEASE.jar:/home/homereti/.m2/repository/org/springframework/spring-test/5.2.4.RELEASE/spring-test-5.2.4.RELEASE.jar:/home/homereti/.m2/repository/org/xmlunit/xmlunit-core/2.6.3/xmlunit-core-2.6.3.jar:/home/homereti/.m2/repository/org/springframework/boot/spring-boot-starter-websocket/2.2.5.RELEASE/spring-boot-starter-websocket-2.2.5.RELEASE.jar:/home/homereti/.m2/repository/org/springframework/boot/spring-boot-starter-web/2.2.5.RELEASE/spring-boot-starter-web-2.2.5.RELEASE.jar:/home/homereti/.m2/repository/org/springframework/spring-webmvc/5.2.4.RELEASE/spring-webmvc-5.2.4.RELEASE.jar:/home/homereti/.m2/repository/org/springframework/spring-websocket/5.2.4.RELEASE/spring-websocket-5.2.4.RELEASE.jar:/home/homereti/.m2/repository/org/springframework/cloud/spring-cloud-stream-test-support/3.0.3.RELEASE/spring-cloud-stream-test-support-3.0.3.RELEASE.jar:/home/homereti/.m2/repository/org/springframework/boot/spring-boot-autoconfigure/2.2.5.RELEASE/spring-boot-autoconfigure-2.2.5.RELEASE.jar:/home/homereti/.m2/repository/com/fasterxml/jackson/core/jackson-databind/2.10.2/jackson-databind-2.10.2.jar:/home/homereti/.m2/repository/com/fasterxml/jackson/core/jackson-annotations/2.10.2/jackson-annotations-2.10.2.jar:/home/homereti/.m2/repository/com/fasterxml/jackson/core/jackson-core/2.10.2/jackson-core-2.10.2.jar:/home/homereti/.m2/repository/org/glassfish/tyrus/bundles/tyrus-standalone-client/1.17/tyrus-standalone-client-1.17.jar:"/>
    <property name="git.branch" value="urlDecode_study_name_for_websocket_hs"/>
    <property name="git.build.host" value="gm0winl228.bureau.si.interne"/>
    <property name="java.vm.vendor" value="AdoptOpenJDK"/>
    <property name="sun.arch.data.model" value="64"/>
    <property name="git.commit.id" value="523ccb89ed3a4464e5ba2800cb97b0f32dae9726"/>
    <property name="java.vendor.url" value="https://adoptopenjdk.net/"/>
    <property name="user.timezone" value=""/>
    <property name="os.name" value="Linux"/>
    <property name="java.vm.specification.version" value="11"/>
    <property name="sun.java.launcher" value="SUN_STANDARD"/>
    <property name="user.country" value="FR"/>
    <property name="git.build.user.name" value=""/>
    <property name="sun.boot.library.path" value="/home/homereti/JDKs/jdk-11.0.7/lib"/>
    <property name="sun.java.command" value="/home/homereti/Devs/GridSuit/notification-server/target/surefire/surefirebooter8932852722629297419.jar /home/homereti/Devs/GridSuit/notification-server/target/surefire 2020-08-21T16-52-52_448-jvmRun1 surefire5002493270717770050tmp surefire_02288770351645393778tmp"/>
    <property name="jdk.debug" value="release"/>
    <property name="surefire.test.class.path" value="/home/homereti/Devs/GridSuit/notification-server/target/test-classes:/home/homereti/Devs/GridSuit/notification-server/target/classes:/home/homereti/.m2/repository/org/springframework/boot/spring-boot-starter-webflux/2.2.5.RELEASE/spring-boot-starter-webflux-2.2.5.RELEASE.jar:/home/homereti/.m2/repository/org/springframework/boot/spring-boot-starter/2.2.5.RELEASE/spring-boot-starter-2.2.5.RELEASE.jar:/home/homereti/.m2/repository/org/springframework/boot/spring-boot/2.2.5.RELEASE/spring-boot-2.2.5.RELEASE.jar:/home/homereti/.m2/repository/org/springframework/boot/spring-boot-starter-logging/2.2.5.RELEASE/spring-boot-starter-logging-2.2.5.RELEASE.jar:/home/homereti/.m2/repository/ch/qos/logback/logback-classic/1.2.3/logback-classic-1.2.3.jar:/home/homereti/.m2/repository/ch/qos/logback/logback-core/1.2.3/logback-core-1.2.3.jar:/home/homereti/.m2/repository/org/apache/logging/log4j/log4j-to-slf4j/2.12.1/log4j-to-slf4j-2.12.1.jar:/home/homereti/.m2/repository/org/apache/logging/log4j/log4j-api/2.12.1/log4j-api-2.12.1.jar:/home/homereti/.m2/repository/org/slf4j/jul-to-slf4j/1.7.30/jul-to-slf4j-1.7.30.jar:/home/homereti/.m2/repository/jakarta/annotation/jakarta.annotation-api/1.3.5/jakarta.annotation-api-1.3.5.jar:/home/homereti/.m2/repository/org/yaml/snakeyaml/1.25/snakeyaml-1.25.jar:/home/homereti/.m2/repository/org/springframework/boot/spring-boot-starter-json/2.2.5.RELEASE/spring-boot-starter-json-2.2.5.RELEASE.jar:/home/homereti/.m2/repository/com/fasterxml/jackson/datatype/jackson-datatype-jdk8/2.10.2/jackson-datatype-jdk8-2.10.2.jar:/home/homereti/.m2/repository/com/fasterxml/jackson/datatype/jackson-datatype-jsr310/2.10.2/jackson-datatype-jsr310-2.10.2.jar:/home/homereti/.m2/repository/com/fasterxml/jackson/module/jackson-module-parameter-names/2.10.2/jackson-module-parameter-names-2.10.2.jar:/home/homereti/.m2/repository/org/springframework/boot/spring-boot-starter-reactor-netty/2.2.5.RELEASE/spring-boot-starter-reactor-netty-2.2.5.RELEASE.jar:/home/homereti/.m2/repository/io/projectreactor/netty/reactor-netty/0.9.5.RELEASE/reactor-netty-0.9.5.RELEASE.jar:/home/homereti/.m2/repository/io/netty/netty-codec-http/4.1.45.Final/netty-codec-http-4.1.45.Final.jar:/home/homereti/.m2/repository/io/netty/netty-common/4.1.45.Final/netty-common-4.1.45.Final.jar:/home/homereti/.m2/repository/io/netty/netty-buffer/4.1.45.Final/netty-buffer-4.1.45.Final.jar:/home/homereti/.m2/repository/io/netty/netty-transport/4.1.45.Final/netty-transport-4.1.45.Final.jar:/home/homereti/.m2/repository/io/netty/netty-resolver/4.1.45.Final/netty-resolver-4.1.45.Final.jar:/home/homereti/.m2/repository/io/netty/netty-codec/4.1.45.Final/netty-codec-4.1.45.Final.jar:/home/homereti/.m2/repository/io/netty/netty-codec-http2/4.1.45.Final/netty-codec-http2-4.1.45.Final.jar:/home/homereti/.m2/repository/io/netty/netty-handler/4.1.45.Final/netty-handler-4.1.45.Final.jar:/home/homereti/.m2/repository/io/netty/netty-handler-proxy/4.1.45.Final/netty-handler-proxy-4.1.45.Final.jar:/home/homereti/.m2/repository/io/netty/netty-codec-socks/4.1.45.Final/netty-codec-socks-4.1.45.Final.jar:/home/homereti/.m2/repository/io/netty/netty-transport-native-epoll/4.1.45.Final/netty-transport-native-epoll-4.1.45.Final-linux-x86_64.jar:/home/homereti/.m2/repository/io/netty/netty-transport-native-unix-common/4.1.45.Final/netty-transport-native-unix-common-4.1.45.Final.jar:/home/homereti/.m2/repository/org/glassfish/jakarta.el/3.0.3/jakarta.el-3.0.3.jar:/home/homereti/.m2/repository/org/springframework/boot/spring-boot-starter-validation/2.2.5.RELEASE/spring-boot-starter-validation-2.2.5.RELEASE.jar:/home/homereti/.m2/repository/jakarta/validation/jakarta.validation-api/2.0.2/jakarta.validation-api-2.0.2.jar:/home/homereti/.m2/repository/org/hibernate/validator/hibernate-validator/6.0.18.Final/hibernate-validator-6.0.18.Final.jar:/home/homereti/.m2/repository/org/jboss/logging/jboss-logging/3.4.1.Final/jboss-logging-3.4.1.Final.jar:/home/homereti/.m2/repository/com/fasterxml/classmate/1.5.1/classmate-1.5.1.jar:/home/homereti/.m2/repository/org/springframework/spring-web/5.2.4.RELEASE/spring-web-5.2.4.RELEASE.jar:/home/homereti/.m2/repository/org/springframework/spring-beans/5.2.4.RELEASE/spring-beans-5.2.4.RELEASE.jar:/home/homereti/.m2/repository/org/springframework/spring-webflux/5.2.4.RELEASE/spring-webflux-5.2.4.RELEASE.jar:/home/homereti/.m2/repository/io/projectreactor/reactor-core/3.3.3.RELEASE/reactor-core-3.3.3.RELEASE.jar:/home/homereti/.m2/repository/org/reactivestreams/reactive-streams/1.0.3/reactive-streams-1.0.3.jar:/home/homereti/.m2/repository/org/synchronoss/cloud/nio-multipart-parser/1.1.0/nio-multipart-parser-1.1.0.jar:/home/homereti/.m2/repository/org/slf4j/slf4j-api/1.7.30/slf4j-api-1.7.30.jar:/home/homereti/.m2/repository/org/synchronoss/cloud/nio-stream-storage/1.1.3/nio-stream-storage-1.1.3.jar:/home/homereti/.m2/repository/org/springframework/cloud/spring-cloud-stream/3.0.3.RELEASE/spring-cloud-stream-3.0.3.RELEASE.jar:/home/homereti/.m2/repository/org/springframework/spring-messaging/5.2.4.RELEASE/spring-messaging-5.2.4.RELEASE.jar:/home/homereti/.m2/repository/org/springframework/integration/spring-integration-core/5.2.4.RELEASE/spring-integration-core-5.2.4.RELEASE.jar:/home/homereti/.m2/repository/org/springframework/spring-aop/5.2.4.RELEASE/spring-aop-5.2.4.RELEASE.jar:/home/homereti/.m2/repository/org/springframework/spring-context/5.2.4.RELEASE/spring-context-5.2.4.RELEASE.jar:/home/homereti/.m2/repository/org/springframework/spring-expression/5.2.4.RELEASE/spring-expression-5.2.4.RELEASE.jar:/home/homereti/.m2/repository/org/springframework/spring-tx/5.2.4.RELEASE/spring-tx-5.2.4.RELEASE.jar:/home/homereti/.m2/repository/org/springframework/integration/spring-integration-jmx/5.2.4.RELEASE/spring-integration-jmx-5.2.4.RELEASE.jar:/home/homereti/.m2/repository/org/springframework/retry/spring-retry/1.2.5.RELEASE/spring-retry-1.2.5.RELEASE.jar:/home/homereti/.m2/repository/org/springframework/cloud/spring-cloud-function-context/3.0.3.RELEASE/spring-cloud-function-context-3.0.3.RELEASE.jar:/home/homereti/.m2/repository/org/springframework/cloud/spring-cloud-function-core/3.0.3.RELEASE/spring-cloud-function-core-3.0.3.RELEASE.jar:/home/homereti/.m2/repository/javax/annotation/javax.annotation-api/1.3.2/javax.annotation-api-1.3.2.jar:/home/homereti/.m2/repository/org/springframework/cloud/spring-cloud-stream-binder-rabbit/3.0.3.RELEASE/spring-cloud-stream-binder-rabbit-3.0.3.RELEASE.jar:/home/homereti/.m2/repository/org/springframework/cloud/spring-cloud-stream-binder-rabbit-core/3.0.3.RELEASE/spring-cloud-stream-binder-rabbit-core-3.0.3.RELEASE.jar:/home/homereti/.m2/repository/org/springframework/integration/spring-integration-amqp/5.2.4.RELEASE/spring-integration-amqp-5.2.4.RELEASE.jar:/home/homereti/.m2/repository/com/rabbitmq/http-client/2.1.0.RELEASE/http-client-2.1.0.RELEASE.jar:/home/homereti/.m2/repository/org/springframework/boot/spring-boot-starter-amqp/2.2.5.RELEASE/spring-boot-starter-amqp-2.2.5.RELEASE.jar:/home/homereti/.m2/repository/org/springframework/amqp/spring-rabbit/2.2.5.RELEASE/spring-rabbit-2.2.5.RELEASE.jar:/home/homereti/.m2/repository/com/rabbitmq/amqp-client/5.7.3/amqp-client-5.7.3.jar:/home/homereti/.m2/repository/org/springframework/amqp/spring-amqp/2.2.5.RELEASE/spring-amqp-2.2.5.RELEASE.jar:/home/homereti/.m2/repository/org/apache/httpcomponents/httpclient/4.5.11/httpclient-4.5.11.jar:/home/homereti/.m2/repository/org/apache/httpcomponents/httpcore/4.4.13/httpcore-4.4.13.jar:/home/homereti/.m2/repository/commons-codec/commons-codec/1.13/commons-codec-1.13.jar:/home/homereti/.m2/repository/junit/junit/4.12/junit-4.12.jar:/home/homereti/.m2/repository/org/hamcrest/hamcrest-core/2.1/hamcrest-core-2.1.jar:/home/homereti/.m2/repository/org/mockito/mockito-core/2.28.2/mockito-core-2.28.2.jar:/home/homereti/.m2/repository/net/bytebuddy/byte-buddy/1.10.8/byte-buddy-1.10.8.jar:/home/homereti/.m2/repository/net/bytebuddy/byte-buddy-agent/1.10.8/byte-buddy-agent-1.10.8.jar:/home/homereti/.m2/repository/org/objenesis/objenesis/2.6/objenesis-2.6.jar:/home/homereti/.m2/repository/org/springframework/boot/spring-boot-starter-test/2.2.5.RELEASE/spring-boot-starter-test-2.2.5.RELEASE.jar:/home/homereti/.m2/repository/org/springframework/boot/spring-boot-test/2.2.5.RELEASE/spring-boot-test-2.2.5.RELEASE.jar:/home/homereti/.m2/repository/org/springframework/boot/spring-boot-test-autoconfigure/2.2.5.RELEASE/spring-boot-test-autoconfigure-2.2.5.RELEASE.jar:/home/homereti/.m2/repository/com/jayway/jsonpath/json-path/2.4.0/json-path-2.4.0.jar:/home/homereti/.m2/repository/net/minidev/json-smart/2.3/json-smart-2.3.jar:/home/homereti/.m2/repository/net/minidev/accessors-smart/1.2/accessors-smart-1.2.jar:/home/homereti/.m2/repository/org/ow2/asm/asm/5.0.4/asm-5.0.4.jar:/home/homereti/.m2/repository/jakarta/xml/bind/jakarta.xml.bind-api/2.3.2/jakarta.xml.bind-api-2.3.2.jar:/home/homereti/.m2/repository/jakarta/activation/jakarta.activation-api/1.2.2/jakarta.activation-api-1.2.2.jar:/home/homereti/.m2/repository/org/junit/jupiter/junit-jupiter/5.5.2/junit-jupiter-5.5.2.jar:/home/homereti/.m2/repository/org/junit/jupiter/junit-jupiter-api/5.5.2/junit-jupiter-api-5.5.2.jar:/home/homereti/.m2/repository/org/opentest4j/opentest4j/1.2.0/opentest4j-1.2.0.jar:/home/homereti/.m2/repository/org/junit/platform/junit-platform-commons/1.5.2/junit-platform-commons-1.5.2.jar:/home/homereti/.m2/repository/org/junit/jupiter/junit-jupiter-params/5.5.2/junit-jupiter-params-5.5.2.jar:/home/homereti/.m2/repository/org/junit/jupiter/junit-jupiter-engine/5.5.2/junit-jupiter-engine-5.5.2.jar:/home/homereti/.m2/repository/org/junit/vintage/junit-vintage-engine/5.5.2/junit-vintage-engine-5.5.2.jar:/home/homereti/.m2/repository/org/apiguardian/apiguardian-api/1.1.0/apiguardian-api-1.1.0.jar:/home/homereti/.m2/repository/org/junit/platform/junit-platform-engine/1.5.2/junit-platform-engine-1.5.2.jar:/home/homereti/.m2/repository/org/mockito/mockito-junit-jupiter/3.1.0/mockito-junit-jupiter-3.1.0.jar:/home/homereti/.m2/repository/org/assertj/assertj-core/3.13.2/assertj-core-3.13.2.jar:/home/homereti/.m2/repository/org/hamcrest/hamcrest/2.1/hamcrest-2.1.jar:/home/homereti/.m2/repository/org/skyscreamer/jsonassert/1.5.0/jsonassert-1.5.0.jar:/home/homereti/.m2/repository/com/vaadin/external/google/android-json/0.0.20131108.vaadin1/android-json-0.0.20131108.vaadin1.jar:/home/homereti/.m2/repository/org/springframework/spring-core/5.2.4.RELEASE/spring-core-5.2.4.RELEASE.jar:/home/homereti/.m2/repository/org/springframework/spring-jcl/5.2.4.RELEASE/spring-jcl-5.2.4.RELEASE.jar:/home/homereti/.m2/repository/org/springframework/spring-test/5.2.4.RELEASE/spring-test-5.2.4.RELEASE.jar:/home/homereti/.m2/repository/org/xmlunit/xmlunit-core/2.6.3/xmlunit-core-2.6.3.jar:/home/homereti/.m2/repository/org/springframework/boot/spring-boot-starter-websocket/2.2.5.RELEASE/spring-boot-starter-websocket-2.2.5.RELEASE.jar:/home/homereti/.m2/repository/org/springframework/boot/spring-boot-starter-web/2.2.5.RELEASE/spring-boot-starter-web-2.2.5.RELEASE.jar:/home/homereti/.m2/repository/org/springframework/spring-webmvc/5.2.4.RELEASE/spring-webmvc-5.2.4.RELEASE.jar:/home/homereti/.m2/repository/org/springframework/spring-websocket/5.2.4.RELEASE/spring-websocket-5.2.4.RELEASE.jar:/home/homereti/.m2/repository/org/springframework/cloud/spring-cloud-stream-test-support/3.0.3.RELEASE/spring-cloud-stream-test-support-3.0.3.RELEASE.jar:/home/homereti/.m2/repository/org/springframework/boot/spring-boot-autoconfigure/2.2.5.RELEASE/spring-boot-autoconfigure-2.2.5.RELEASE.jar:/home/homereti/.m2/repository/com/fasterxml/jackson/core/jackson-databind/2.10.2/jackson-databind-2.10.2.jar:/home/homereti/.m2/repository/com/fasterxml/jackson/core/jackson-annotations/2.10.2/jackson-annotations-2.10.2.jar:/home/homereti/.m2/repository/com/fasterxml/jackson/core/jackson-core/2.10.2/jackson-core-2.10.2.jar:/home/homereti/.m2/repository/org/glassfish/tyrus/bundles/tyrus-standalone-client/1.17/tyrus-standalone-client-1.17.jar:"/>
    <property name="sun.cpu.endian" value="little"/>
    <property name="user.home" value="/home/homereti"/>
    <property name="user.language" value="fr"/>
    <property name="git.closest.tag.commit.count" value=""/>
    <property name="java.specification.vendor" value="Oracle Corporation"/>
    <property name="java.version.date" value="2020-04-14"/>
    <property name="java.home" value="/home/homereti/JDKs/jdk-11.0.7"/>
    <property name="git.total.commit.count" value="15"/>
    <property name="file.separator" value="/"/>
    <property name="basedir" value="/home/homereti/Devs/GridSuit/notification-server"/>
    <property name="java.vm.compressedOopsMode" value="Zero based"/>
    <property name="line.separator" value="&#10;"/>
    <property name="git.build.user.email" value="etiennehomer@gmail.com"/>
    <property name="java.specification.name" value="Java Platform API Specification"/>
    <property name="java.vm.specification.vendor" value="Oracle Corporation"/>
    <property name="java.awt.graphicsenv" value="sun.awt.X11GraphicsEnvironment"/>
    <property name="git.closest.tag.name" value=""/>
    <property name="git.local.branch.ahead" value="0"/>
    <property name="git.build.time" value="2020-08-21T16:52:50+0200"/>
    <property name="surefire.real.class.path" value="/home/homereti/Devs/GridSuit/notification-server/target/surefire/surefirebooter8932852722629297419.jar"/>
    <property name="git.commit.message.full" value="Add test with special chars in study name&#10;&#10;Signed-off-by: HOMER Etienne &lt;etiennehomer@gmail.com&gt;"/>
    <property name="sun.management.compiler" value="HotSpot 64-Bit Tiered Compilers"/>
    <property name="java.runtime.version" value="11.0.7+10"/>
    <property name="user.name" value="homereti"/>
    <property name="path.separator" value=":"/>
    <property name="os.version" value="5.3.11-100.fc29.x86_64"/>
    <property name="java.runtime.name" value="OpenJDK Runtime Environment"/>
    <property name="file.encoding" value="UTF-8"/>
    <property name="git.commit.user.email" value="etiennehomer@gmail.com"/>
    <property name="java.vm.name" value="OpenJDK 64-Bit Server VM"/>
    <property name="java.vendor.version" value="AdoptOpenJDK"/>
    <property name="git.local.branch.behind" value="0"/>
    <property name="git.dirty" value="true"/>
    <property name="localRepository" value="/home/homereti/.m2/repository"/>
    <property name="java.vendor.url.bug" value="https://github.com/AdoptOpenJDK/openjdk-support/issues"/>
    <property name="java.io.tmpdir" value="/tmp"/>
    <property name="java.version" value="11.0.7"/>
    <property name="user.dir" value="/home/homereti/Devs/GridSuit/notification-server"/>
    <property name="os.arch" value="amd64"/>
    <property name="git.commit.user.name" value="HOMER Etienne"/>
    <property name="git.commit.id.abbrev" value="523ccb8"/>
    <property name="java.vm.specification.name" value="Java Virtual Machine Specification"/>
    <property name="java.awt.printerjob" value="sun.print.PSPrinterJob"/>
    <property name="git.commit.id.describe-short" value="523ccb8-dirty"/>
    <property name="sun.os.patch.level" value="unknown"/>
    <property name="git.commit.id.describe" value="523ccb8-dirty"/>
    <property name="java.library.path" value="/usr/java/packages/lib:/usr/lib64:/lib64:/lib:/usr/lib"/>
    <property name="git.commit.message.short" value="Add test with special chars in study name"/>
    <property name="java.vendor" value="AdoptOpenJDK"/>
    <property name="java.vm.info" value="mixed mode"/>
    <property name="java.vm.version" value="11.0.7+10"/>
    <property name="sun.io.unicode.encoding" value="UnicodeLittle"/>
    <property name="java.class.version" value="55.0"/>
    <property name="git.commit.time" value="2020-08-21T13:43:29+0200"/>
    <property name="git.remote.origin.url" value="https://github.com/gridsuite/notification-server.git"/>
  </properties>
  <testcase name="testEncodingCharacters" classname="org.gridsuite.notification.server.NotificationWebSocketHandlerTest" time="0.836"/>
  <testcase name="testHeartbeat" classname="org.gridsuite.notification.server.NotificationWebSocketHandlerTest" time="1.011"/>
  <testcase name="testStudyFilter" classname="org.gridsuite.notification.server.NotificationWebSocketHandlerTest" time="0.019"/>
  <testcase name="testWithoutFilter" classname="org.gridsuite.notification.server.NotificationWebSocketHandlerTest" time="0.029"/>
  <testcase name="testTypeFilter" classname="org.gridsuite.notification.server.NotificationWebSocketHandlerTest" time="0.021"/>
  <testcase name="testStudyAndTypeFilter" classname="org.gridsuite.notification.server.NotificationWebSocketHandlerTest" time="0.015"/>
</testsuite>